*****************************************************************************
ParFlow Output Log
	Version        : v3.6.0-14-g8cd4e20
	Compiled on    : Oct 30 2019 09:56:24
*****************************************************************************
==============================================
BEGIN Log Info (SolverRichards)

Transient Problem Solved.
-------------------------

Total Timesteps: 50

-------------------------
Sequence #       Time         \Delta t         Dumpfile #   Recompute?
----------   ------------   ------------ -     ----------   ----------
  000000     0.000000e+00   0.000000e+00 i       000000          n
  000001     1.000000e+00   1.000000e+00 p       000001          y
  000002     2.000000e+00   1.000000e+00 p       000002          y
  000003     3.000000e+00   1.000000e+00 p       000003          y
  000004     4.000000e+00   1.000000e+00 p       000004          y
  000005     5.000000e+00   1.000000e+00 p       000005          y
  000006     6.000000e+00   1.000000e+00 p       000006          y
  000007     7.000000e+00   1.000000e+00 p       000007          y
  000008     8.000000e+00   1.000000e+00 p       000008          y
  000009     9.000000e+00   1.000000e+00 p       000009          y
  000010     1.000000e+01   1.000000e+00 p       000010          y
  000011     1.100000e+01   1.000000e+00 p       000011          y
  000012     1.200000e+01   1.000000e+00 p       000012          y
  000013     1.300000e+01   1.000000e+00 p       000013          y
  000014     1.400000e+01   1.000000e+00 p       000014          y
  000015     1.500000e+01   1.000000e+00 p       000015          y
  000016     1.600000e+01   1.000000e+00 p       000016          y
  000017     1.700000e+01   1.000000e+00 p       000017          y
  000018     1.800000e+01   1.000000e+00 p       000018          y
  000019     1.900000e+01   1.000000e+00 p       000019          y
  000020     2.000000e+01   1.000000e+00 p       000020          y
  000021     2.100000e+01   1.000000e+00 p       000021          y
  000022     2.200000e+01   1.000000e+00 p       000022          y
  000023     2.300000e+01   1.000000e+00 p       000023          y
  000024     2.400000e+01   1.000000e+00 p       000024          y
  000025     2.500000e+01   1.000000e+00 p       000025          y
  000026     2.600000e+01   1.000000e+00 p       000026          y
  000027     2.700000e+01   1.000000e+00 p       000027          y
  000028     2.800000e+01   1.000000e+00 p       000028          y
  000029     2.900000e+01   1.000000e+00 p       000029          y
  000030     3.000000e+01   1.000000e+00 p       000030          y
  000031     3.100000e+01   1.000000e+00 p       000031          y
  000032     3.200000e+01   1.000000e+00 p       000032          y
  000033     3.300000e+01   1.000000e+00 p       000033          y
  000034     3.400000e+01   1.000000e+00 p       000034          y
  000035     3.500000e+01   1.000000e+00 p       000035          y
  000036     3.600000e+01   1.000000e+00 p       000036          y
  000037     3.700000e+01   1.000000e+00 p       000037          y
  000038     3.800000e+01   1.000000e+00 p       000038          y
  000039     3.900000e+01   1.000000e+00 p       000039          y
  000040     4.000000e+01   1.000000e+00 p       000040          y
  000041     4.100000e+01   1.000000e+00 p       000041          y
  000042     4.200000e+01   1.000000e+00 p       000042          y
  000043     4.300000e+01   1.000000e+00 p       000043          y
  000044     4.400000e+01   1.000000e+00 p       000044          y
  000045     4.500000e+01   1.000000e+00 p       000045          y
  000046     4.600000e+01   1.000000e+00 p       000046          y
  000047     4.700000e+01   1.000000e+00 p       000047          y
  000048     4.800000e+01   1.000000e+00 p       000048          y
  000049     4.900000e+01   1.000000e+00 p       000049          y
  000050     5.000000e+01   1.000000e+00 f       000050          y

Overland flow Results
  000000     0.000000e+00   0.000000e+00
  000001     1.000000e+00   1.000000e+00
  000002     2.000000e+00   1.000000e+00
  000003     3.000000e+00   1.000000e+00
  000004     4.000000e+00   1.000000e+00
  000005     5.000000e+00   1.000000e+00
  000006     6.000000e+00   1.000000e+00
  000007     7.000000e+00   1.000000e+00
  000008     8.000000e+00   1.000000e+00
  000009     9.000000e+00   1.000000e+00
  000010     1.000000e+01   1.000000e+00
  000011     1.100000e+01   1.000000e+00
  000012     1.200000e+01   1.000000e+00
  000013     1.300000e+01   1.000000e+00
  000014     1.400000e+01   1.000000e+00
  000015     1.500000e+01   1.000000e+00
  000016     1.600000e+01   1.000000e+00
  000017     1.700000e+01   1.000000e+00
  000018     1.800000e+01   1.000000e+00
  000019     1.900000e+01   1.000000e+00
  000020     2.000000e+01   1.000000e+00
  000021     2.100000e+01   1.000000e+00
  000022     2.200000e+01   1.000000e+00
  000023     2.300000e+01   1.000000e+00
  000024     2.400000e+01   1.000000e+00
  000025     2.500000e+01   1.000000e+00
  000026     2.600000e+01   1.000000e+00
  000027     2.700000e+01   1.000000e+00
  000028     2.800000e+01   1.000000e+00
  000029     2.900000e+01   1.000000e+00
  000030     3.000000e+01   1.000000e+00
  000031     3.100000e+01   1.000000e+00
  000032     3.200000e+01   1.000000e+00
  000033     3.300000e+01   1.000000e+00
  000034     3.400000e+01   1.000000e+00
  000035     3.500000e+01   1.000000e+00
  000036     3.600000e+01   1.000000e+00
  000037     3.700000e+01   1.000000e+00
  000038     3.800000e+01   1.000000e+00
  000039     3.900000e+01   1.000000e+00
  000040     4.000000e+01   1.000000e+00
  000041     4.100000e+01   1.000000e+00
  000042     4.200000e+01   1.000000e+00
  000043     4.300000e+01   1.000000e+00
  000044     4.400000e+01   1.000000e+00
  000045     4.500000e+01   1.000000e+00
  000046     4.600000e+01   1.000000e+00
  000047     4.700000e+01   1.000000e+00
  000048     4.800000e+01   1.000000e+00
  000049     4.900000e+01   1.000000e+00
  000050     5.000000e+01   1.000000e+00

END Log Info
==============================================
==============================================
BEGIN Log Info (Globals)

Run Name: troubleshoot_HRB_parkinglot7
Logging Level = 1
Num processes = 432
Process grid = (18,24,1)

END Log Info
==============================================
==============================================
BEGIN Log Info (Timing)

Solver Setup:
  wall clock time   = 1.760300 seconds
  wall MFLOPS = 0.000000 (0)
Solver:
  wall clock time   = 32.047600 seconds
  wall MFLOPS = 7.032575 (2.25377e+08)
Solver Cleanup:
  wall clock time   = 0.004000 seconds
  wall MFLOPS = 0.000000 (0)
Matvec:
  wall clock time   = 0.000000 seconds
  wall MFLOPS = -nan (0)
PFSB I/O:
  wall clock time   = 0.000000 seconds
  wall MFLOPS = -nan (0)
PFB I/O:
  wall clock time   = 24.952100 seconds
  wall MFLOPS = 0.000000 (0)
CLM:
  wall clock time   = 6.583500 seconds
  wall MFLOPS = 0.000000 (0)
PFSOL Read:
  wall clock time   = 0.040700 seconds
  wall MFLOPS = 0.000000 (0)
Clustering:
  wall clock time   = 0.790700 seconds
  wall MFLOPS = 0.000000 (0)
Permeability Face:
  wall clock time   = 0.000000 seconds
  wall MFLOPS = -nan (0)
Godunov Advection:
  wall clock time   = 0.000000 seconds
  wall MFLOPS = -nan (0)
Geometries:
  wall clock time   = 0.352200 seconds
  wall MFLOPS = 0.000000 (0)
SubsrfSim:
  wall clock time   = 0.024600 seconds
  wall MFLOPS = 0.000000 (0)
Porosity:
  wall clock time   = 0.000100 seconds
  wall MFLOPS = 0.000000 (0)
PhaseRelPerm:
  wall clock time   = 0.026800 seconds
  wall MFLOPS = 0.003918 (105)
PFMGOctree:
  wall clock time   = 0.023400 seconds
  wall MFLOPS = 0.000000 (0)
HYPRE_Copies:
  wall clock time   = 0.019100 seconds
  wall MFLOPS = 0.000000 (0)
NL_F_Eval:
  wall clock time   = 0.057700 seconds
  wall MFLOPS = 0.001438 (83)
KINSol:
  wall clock time   = 13.309400 seconds
  wall MFLOPS = 16.933683 (2.25377e+08)

END Log Info
==============================================
==============================================
BEGIN Log Info (ParFlow Total Time)

Total Run Time: 33.818000 seconds

Maximum memory used on processor 0 : 57 MB
Maximum memory used on processor 1 : 21 MB
Maximum memory used on processor 2 : 22 MB
Maximum memory used on processor 3 : 22 MB
Maximum memory used on processor 4 : 22 MB
Maximum memory used on processor 5 : 23 MB
Maximum memory used on processor 6 : 23 MB
Maximum memory used on processor 7 : 23 MB
Maximum memory used on processor 8 : 24 MB
Maximum memory used on processor 9 : 22 MB
Maximum memory used on processor 10 : 23 MB
Maximum memory used on processor 11 : 24 MB
Maximum memory used on processor 12 : 28 MB
Maximum memory used on processor 13 : 28 MB
Maximum memory used on processor 14 : 29 MB
Maximum memory used on processor 15 : 23 MB
Maximum memory used on processor 16 : 22 MB
Maximum memory used on processor 17 : 20 MB
Maximum memory used on processor 18 : 22 MB
Maximum memory used on processor 19 : 24 MB
Maximum memory used on processor 20 : 25 MB
Maximum memory used on processor 21 : 24 MB
Maximum memory used on processor 22 : 23 MB
Maximum memory used on processor 23 : 24 MB
Maximum memory used on processor 24 : 24 MB
Maximum memory used on processor 25 : 24 MB
Maximum memory used on processor 26 : 23 MB
Maximum memory used on processor 27 : 22 MB
Maximum memory used on processor 28 : 22 MB
Maximum memory used on processor 29 : 27 MB
Maximum memory used on processor 30 : 28 MB
Maximum memory used on processor 31 : 28 MB
Maximum memory used on processor 32 : 29 MB
Maximum memory used on processor 33 : 24 MB
Maximum memory used on processor 34 : 24 MB
Maximum memory used on processor 35 : 21 MB
Maximum memory used on processor 36 : 22 MB
Maximum memory used on processor 37 : 23 MB
Maximum memory used on processor 38 : 24 MB
Maximum memory used on processor 39 : 24 MB
Maximum memory used on processor 40 : 24 MB
Maximum memory used on processor 41 : 24 MB
Maximum memory used on processor 42 : 23 MB
Maximum memory used on processor 43 : 23 MB
Maximum memory used on processor 44 : 24 MB
Maximum memory used on processor 45 : 24 MB
Maximum memory used on processor 46 : 27 MB
Maximum memory used on processor 47 : 31 MB
Maximum memory used on processor 48 : 29 MB
Maximum memory used on processor 49 : 28 MB
Maximum memory used on processor 50 : 30 MB
Maximum memory used on processor 51 : 28 MB
Maximum memory used on processor 52 : 27 MB
Maximum memory used on processor 53 : 21 MB
Maximum memory used on processor 54 : 21 MB
Maximum memory used on processor 55 : 22 MB
Maximum memory used on processor 56 : 21 MB
Maximum memory used on processor 57 : 20 MB
Maximum memory used on processor 58 : 20 MB
Maximum memory used on processor 59 : 21 MB
Maximum memory used on processor 60 : 21 MB
Maximum memory used on processor 61 : 22 MB
Maximum memory used on processor 62 : 22 MB
Maximum memory used on processor 63 : 28 MB
Maximum memory used on processor 64 : 27 MB
Maximum memory used on processor 65 : 28 MB
Maximum memory used on processor 66 : 30 MB
Maximum memory used on processor 67 : 28 MB
Maximum memory used on processor 68 : 29 MB
Maximum memory used on processor 69 : 28 MB
Maximum memory used on processor 70 : 28 MB
Maximum memory used on processor 71 : 23 MB
Maximum memory used on processor 72 : 22 MB
Maximum memory used on processor 73 : 24 MB
Maximum memory used on processor 74 : 23 MB
Maximum memory used on processor 75 : 23 MB
Maximum memory used on processor 76 : 25 MB
Maximum memory used on processor 77 : 24 MB
Maximum memory used on processor 78 : 25 MB
Maximum memory used on processor 79 : 22 MB
Maximum memory used on processor 80 : 32 MB
Maximum memory used on processor 81 : 33 MB
Maximum memory used on processor 82 : 29 MB
Maximum memory used on processor 83 : 33 MB
Maximum memory used on processor 84 : 31 MB
Maximum memory used on processor 85 : 29 MB
Maximum memory used on processor 86 : 33 MB
Maximum memory used on processor 87 : 33 MB
Maximum memory used on processor 88 : 29 MB
Maximum memory used on processor 89 : 21 MB
Maximum memory used on processor 90 : 21 MB
Maximum memory used on processor 91 : 25 MB
Maximum memory used on processor 92 : 24 MB
Maximum memory used on processor 93 : 24 MB
Maximum memory used on processor 94 : 22 MB
Maximum memory used on processor 95 : 29 MB
Maximum memory used on processor 96 : 30 MB
Maximum memory used on processor 97 : 28 MB
Maximum memory used on processor 98 : 32 MB
Maximum memory used on processor 99 : 31 MB
Maximum memory used on processor 100 : 26 MB
Maximum memory used on processor 101 : 32 MB
Maximum memory used on processor 102 : 29 MB
Maximum memory used on processor 103 : 27 MB
Maximum memory used on processor 104 : 30 MB
Maximum memory used on processor 105 : 28 MB
Maximum memory used on processor 106 : 26 MB
Maximum memory used on processor 107 : 18 MB
Maximum memory used on processor 108 : 21 MB
Maximum memory used on processor 109 : 21 MB
Maximum memory used on processor 110 : 21 MB
Maximum memory used on processor 111 : 28 MB
Maximum memory used on processor 112 : 29 MB
Maximum memory used on processor 113 : 30 MB
Maximum memory used on processor 114 : 29 MB
Maximum memory used on processor 115 : 27 MB
Maximum memory used on processor 116 : 33 MB
Maximum memory used on processor 117 : 33 MB
Maximum memory used on processor 118 : 26 MB
Maximum memory used on processor 119 : 31 MB
Maximum memory used on processor 120 : 31 MB
Maximum memory used on processor 121 : 27 MB
Maximum memory used on processor 122 : 32 MB
Maximum memory used on processor 123 : 30 MB
Maximum memory used on processor 124 : 24 MB
Maximum memory used on processor 125 : 20 MB
Maximum memory used on processor 126 : 19 MB
Maximum memory used on processor 127 : 21 MB
Maximum memory used on processor 128 : 27 MB
Maximum memory used on processor 129 : 27 MB
Maximum memory used on processor 130 : 29 MB
Maximum memory used on processor 131 : 29 MB
Maximum memory used on processor 132 : 30 MB
Maximum memory used on processor 133 : 28 MB
Maximum memory used on processor 134 : 30 MB
Maximum memory used on processor 135 : 31 MB
Maximum memory used on processor 136 : 26 MB
Maximum memory used on processor 137 : 29 MB
Maximum memory used on processor 138 : 29 MB
Maximum memory used on processor 139 : 25 MB
Maximum memory used on processor 140 : 29 MB
Maximum memory used on processor 141 : 28 MB
Maximum memory used on processor 142 : 21 MB
Maximum memory used on processor 143 : 18 MB
Maximum memory used on processor 144 : 28 MB
Maximum memory used on processor 145 : 30 MB
Maximum memory used on processor 146 : 30 MB
Maximum memory used on processor 147 : 29 MB
Maximum memory used on processor 148 : 30 MB
Maximum memory used on processor 149 : 32 MB
Maximum memory used on processor 150 : 33 MB
Maximum memory used on processor 151 : 29 MB
Maximum memory used on processor 152 : 34 MB
Maximum memory used on processor 153 : 33 MB
Maximum memory used on processor 154 : 25 MB
Maximum memory used on processor 155 : 34 MB
Maximum memory used on processor 156 : 30 MB
Maximum memory used on processor 157 : 26 MB
Maximum memory used on processor 158 : 33 MB
Maximum memory used on processor 159 : 29 MB
Maximum memory used on processor 160 : 21 MB
Maximum memory used on processor 161 : 19 MB
Maximum memory used on processor 162 : 26 MB
Maximum memory used on processor 163 : 31 MB
Maximum memory used on processor 164 : 32 MB
Maximum memory used on processor 165 : 32 MB
Maximum memory used on processor 166 : 33 MB
Maximum memory used on processor 167 : 35 MB
Maximum memory used on processor 168 : 35 MB
Maximum memory used on processor 169 : 31 MB
Maximum memory used on processor 170 : 37 MB
Maximum memory used on processor 171 : 35 MB
Maximum memory used on processor 172 : 27 MB
Maximum memory used on processor 173 : 35 MB
Maximum memory used on processor 174 : 32 MB
Maximum memory used on processor 175 : 28 MB
Maximum memory used on processor 176 : 35 MB
Maximum memory used on processor 177 : 25 MB
Maximum memory used on processor 178 : 20 MB
Maximum memory used on processor 179 : 20 MB
Maximum memory used on processor 180 : 21 MB
Maximum memory used on processor 181 : 33 MB
Maximum memory used on processor 182 : 34 MB
Maximum memory used on processor 183 : 30 MB
Maximum memory used on processor 184 : 34 MB
Maximum memory used on processor 185 : 34 MB
Maximum memory used on processor 186 : 34 MB
Maximum memory used on processor 187 : 30 MB
Maximum memory used on processor 188 : 33 MB
Maximum memory used on processor 189 : 31 MB
Maximum memory used on processor 190 : 25 MB
Maximum memory used on processor 191 : 28 MB
Maximum memory used on processor 192 : 30 MB
Maximum memory used on processor 193 : 26 MB
Maximum memory used on processor 194 : 29 MB
Maximum memory used on processor 195 : 21 MB
Maximum memory used on processor 196 : 18 MB
Maximum memory used on processor 197 : 16 MB
Maximum memory used on processor 198 : 16 MB
Maximum memory used on processor 199 : 32 MB
Maximum memory used on processor 200 : 34 MB
Maximum memory used on processor 201 : 29 MB
Maximum memory used on processor 202 : 34 MB
Maximum memory used on processor 203 : 36 MB
Maximum memory used on processor 204 : 36 MB
Maximum memory used on processor 205 : 30 MB
Maximum memory used on processor 206 : 37 MB
Maximum memory used on processor 207 : 33 MB
Maximum memory used on processor 208 : 22 MB
Maximum memory used on processor 209 : 33 MB
Maximum memory used on processor 210 : 31 MB
Maximum memory used on processor 211 : 25 MB
Maximum memory used on processor 212 : 33 MB
Maximum memory used on processor 213 : 20 MB
Maximum memory used on processor 214 : 17 MB
Maximum memory used on processor 215 : 15 MB
Maximum memory used on processor 216 : 16 MB
Maximum memory used on processor 217 : 23 MB
Maximum memory used on processor 218 : 19 MB
Maximum memory used on processor 219 : 18 MB
Maximum memory used on processor 220 : 19 MB
Maximum memory used on processor 221 : 19 MB
Maximum memory used on processor 222 : 19 MB
Maximum memory used on processor 223 : 27 MB
Maximum memory used on processor 224 : 35 MB
Maximum memory used on processor 225 : 30 MB
Maximum memory used on processor 226 : 22 MB
Maximum memory used on processor 227 : 32 MB
Maximum memory used on processor 228 : 30 MB
Maximum memory used on processor 229 : 24 MB
Maximum memory used on processor 230 : 33 MB
Maximum memory used on processor 231 : 20 MB
Maximum memory used on processor 232 : 18 MB
Maximum memory used on processor 233 : 17 MB
Maximum memory used on processor 234 : 17 MB
Maximum memory used on processor 235 : 17 MB
Maximum memory used on processor 236 : 17 MB
Maximum memory used on processor 237 : 18 MB
Maximum memory used on processor 238 : 18 MB
Maximum memory used on processor 239 : 17 MB
Maximum memory used on processor 240 : 18 MB
Maximum memory used on processor 241 : 25 MB
Maximum memory used on processor 242 : 34 MB
Maximum memory used on processor 243 : 31 MB
Maximum memory used on processor 244 : 23 MB
Maximum memory used on processor 245 : 33 MB
Maximum memory used on processor 246 : 30 MB
Maximum memory used on processor 247 : 26 MB
Maximum memory used on processor 248 : 33 MB
Maximum memory used on processor 249 : 20 MB
Maximum memory used on processor 250 : 19 MB
Maximum memory used on processor 251 : 18 MB
Maximum memory used on processor 252 : 19 MB
Maximum memory used on processor 253 : 19 MB
Maximum memory used on processor 254 : 20 MB
Maximum memory used on processor 255 : 19 MB
Maximum memory used on processor 256 : 18 MB
Maximum memory used on processor 257 : 19 MB
Maximum memory used on processor 258 : 18 MB
Maximum memory used on processor 259 : 18 MB
Maximum memory used on processor 260 : 27 MB
Maximum memory used on processor 261 : 28 MB
Maximum memory used on processor 262 : 24 MB
Maximum memory used on processor 263 : 29 MB
Maximum memory used on processor 264 : 30 MB
Maximum memory used on processor 265 : 26 MB
Maximum memory used on processor 266 : 28 MB
Maximum memory used on processor 267 : 20 MB
Maximum memory used on processor 268 : 18 MB
Maximum memory used on processor 269 : 16 MB
Maximum memory used on processor 270 : 17 MB
Maximum memory used on processor 271 : 18 MB
Maximum memory used on processor 272 : 18 MB
Maximum memory used on processor 273 : 18 MB
Maximum memory used on processor 274 : 17 MB
Maximum memory used on processor 275 : 17 MB
Maximum memory used on processor 276 : 17 MB
Maximum memory used on processor 277 : 19 MB
Maximum memory used on processor 278 : 32 MB
Maximum memory used on processor 279 : 31 MB
Maximum memory used on processor 280 : 26 MB
Maximum memory used on processor 281 : 33 MB
Maximum memory used on processor 282 : 31 MB
Maximum memory used on processor 283 : 26 MB
Maximum memory used on processor 284 : 33 MB
Maximum memory used on processor 285 : 19 MB
Maximum memory used on processor 286 : 18 MB
Maximum memory used on processor 287 : 18 MB
Maximum memory used on processor 288 : 18 MB
Maximum memory used on processor 289 : 18 MB
Maximum memory used on processor 290 : 19 MB
Maximum memory used on processor 291 : 19 MB
Maximum memory used on processor 292 : 18 MB
Maximum memory used on processor 293 : 19 MB
Maximum memory used on processor 294 : 18 MB
Maximum memory used on processor 295 : 25 MB
Maximum memory used on processor 296 : 33 MB
Maximum memory used on processor 297 : 33 MB
Maximum memory used on processor 298 : 27 MB
Maximum memory used on processor 299 : 35 MB
Maximum memory used on processor 300 : 34 MB
Maximum memory used on processor 301 : 28 MB
Maximum memory used on processor 302 : 36 MB
Maximum memory used on processor 303 : 21 MB
Maximum memory used on processor 304 : 18 MB
Maximum memory used on processor 305 : 16 MB
Maximum memory used on processor 306 : 16 MB
Maximum memory used on processor 307 : 18 MB
Maximum memory used on processor 308 : 18 MB
Maximum memory used on processor 309 : 17 MB
Maximum memory used on processor 310 : 18 MB
Maximum memory used on processor 311 : 18 MB
Maximum memory used on processor 312 : 18 MB
Maximum memory used on processor 313 : 24 MB
Maximum memory used on processor 314 : 28 MB
Maximum memory used on processor 315 : 30 MB
Maximum memory used on processor 316 : 26 MB
Maximum memory used on processor 317 : 30 MB
Maximum memory used on processor 318 : 31 MB
Maximum memory used on processor 319 : 27 MB
Maximum memory used on processor 320 : 30 MB
Maximum memory used on processor 321 : 29 MB
Maximum memory used on processor 322 : 25 MB
Maximum memory used on processor 323 : 17 MB
Maximum memory used on processor 324 : 15 MB
Maximum memory used on processor 325 : 17 MB
Maximum memory used on processor 326 : 16 MB
Maximum memory used on processor 327 : 17 MB
Maximum memory used on processor 328 : 17 MB
Maximum memory used on processor 329 : 17 MB
Maximum memory used on processor 330 : 17 MB
Maximum memory used on processor 331 : 26 MB
Maximum memory used on processor 332 : 33 MB
Maximum memory used on processor 333 : 33 MB
Maximum memory used on processor 334 : 27 MB
Maximum memory used on processor 335 : 34 MB
Maximum memory used on processor 336 : 34 MB
Maximum memory used on processor 337 : 28 MB
Maximum memory used on processor 338 : 35 MB
Maximum memory used on processor 339 : 32 MB
Maximum memory used on processor 340 : 26 MB
Maximum memory used on processor 341 : 15 MB
Maximum memory used on processor 342 : 14 MB
Maximum memory used on processor 343 : 16 MB
Maximum memory used on processor 344 : 17 MB
Maximum memory used on processor 345 : 16 MB
Maximum memory used on processor 346 : 17 MB
Maximum memory used on processor 347 : 17 MB
Maximum memory used on processor 348 : 17 MB
Maximum memory used on processor 349 : 25 MB
Maximum memory used on processor 350 : 32 MB
Maximum memory used on processor 351 : 32 MB
Maximum memory used on processor 352 : 28 MB
Maximum memory used on processor 353 : 35 MB
Maximum memory used on processor 354 : 34 MB
Maximum memory used on processor 355 : 27 MB
Maximum memory used on processor 356 : 33 MB
Maximum memory used on processor 357 : 30 MB
Maximum memory used on processor 358 : 25 MB
Maximum memory used on processor 359 : 16 MB
Maximum memory used on processor 360 : 16 MB
Maximum memory used on processor 361 : 17 MB
Maximum memory used on processor 362 : 17 MB
Maximum memory used on processor 363 : 16 MB
Maximum memory used on processor 364 : 16 MB
Maximum memory used on processor 365 : 16 MB
Maximum memory used on processor 366 : 16 MB
Maximum memory used on processor 367 : 23 MB
Maximum memory used on processor 368 : 30 MB
Maximum memory used on processor 369 : 31 MB
Maximum memory used on processor 370 : 27 MB
Maximum memory used on processor 371 : 32 MB
Maximum memory used on processor 372 : 32 MB
Maximum memory used on processor 373 : 28 MB
Maximum memory used on processor 374 : 32 MB
Maximum memory used on processor 375 : 30 MB
Maximum memory used on processor 376 : 25 MB
Maximum memory used on processor 377 : 14 MB
Maximum memory used on processor 378 : 14 MB
Maximum memory used on processor 379 : 16 MB
Maximum memory used on processor 380 : 16 MB
Maximum memory used on processor 381 : 16 MB
Maximum memory used on processor 382 : 16 MB
Maximum memory used on processor 383 : 15 MB
Maximum memory used on processor 384 : 15 MB
Maximum memory used on processor 385 : 15 MB
Maximum memory used on processor 386 : 23 MB
Maximum memory used on processor 387 : 25 MB
Maximum memory used on processor 388 : 24 MB
Maximum memory used on processor 389 : 26 MB
Maximum memory used on processor 390 : 29 MB
Maximum memory used on processor 391 : 25 MB
Maximum memory used on processor 392 : 27 MB
Maximum memory used on processor 393 : 26 MB
Maximum memory used on processor 394 : 23 MB
Maximum memory used on processor 395 : 14 MB
Maximum memory used on processor 396 : 15 MB
Maximum memory used on processor 397 : 16 MB
Maximum memory used on processor 398 : 16 MB
Maximum memory used on processor 399 : 16 MB
Maximum memory used on processor 400 : 16 MB
Maximum memory used on processor 401 : 16 MB
Maximum memory used on processor 402 : 16 MB
Maximum memory used on processor 403 : 16 MB
Maximum memory used on processor 404 : 16 MB
Maximum memory used on processor 405 : 16 MB
Maximum memory used on processor 406 : 23 MB
Maximum memory used on processor 407 : 30 MB
Maximum memory used on processor 408 : 29 MB
Maximum memory used on processor 409 : 25 MB
Maximum memory used on processor 410 : 30 MB
Maximum memory used on processor 411 : 21 MB
Maximum memory used on processor 412 : 16 MB
Maximum memory used on processor 413 : 15 MB
Maximum memory used on processor 414 : 14 MB
Maximum memory used on processor 415 : 15 MB
Maximum memory used on processor 416 : 15 MB
Maximum memory used on processor 417 : 15 MB
Maximum memory used on processor 418 : 15 MB
Maximum memory used on processor 419 : 15 MB
Maximum memory used on processor 420 : 15 MB
Maximum memory used on processor 421 : 15 MB
Maximum memory used on processor 422 : 15 MB
Maximum memory used on processor 423 : 15 MB
Maximum memory used on processor 424 : 15 MB
Maximum memory used on processor 425 : 14 MB
Maximum memory used on processor 426 : 14 MB
Maximum memory used on processor 427 : 14 MB
Maximum memory used on processor 428 : 14 MB
Maximum memory used on processor 429 : 14 MB
Maximum memory used on processor 430 : 15 MB
Maximum memory used on processor 431 : 13 MB


BEGIN(Contents of /proc/70512/status)
Name:	parflow
Umask:	0022
State:	R (running)
Tgid:	70512
Ngid:	0
Pid:	70512
PPid:	70497
TracerPid:	0
Uid:	33783	33783	33783	33783
Gid:	1000	1000	1000	1000
FDSize:	64
Groups:	1000 73124 
NStgid:	70512
NSpid:	70512
NSpgid:	70512
NSsid:	70474
VmPeak:	  645088 kB
VmSize:	  628708 kB
VmLck:	       0 kB
VmPin:	   69820 kB
VmHWM:	   84320 kB
VmRSS:	   84320 kB
RssAnon:	   60092 kB
RssFile:	   21888 kB
RssShmem:	    2340 kB
VmData:	   74872 kB
VmStk:	     148 kB
VmExe:	    5540 kB
VmLib:	   43084 kB
VmPTE:	     564 kB
VmPMD:	      16 kB
VmSwap:	       0 kB
HugetlbPages:	       0 kB
Threads:	2
SigQ:	0/255798
SigPnd:	0000000000000000
ShdPnd:	0000000000000000
SigBlk:	0000000000000000
SigIgn:	0000000001100000
SigCgt:	0000000180000200
CapInh:	0000000000000000
CapPrm:	0000000000000000
CapEff:	0000000000000000
CapBnd:	0000003fffffffff
CapAmb:	0000000000000000
NoNewPrivs:	0
Seccomp:	0
Speculation_Store_Bypass:	vulnerable
Cpus_allowed:	00,00400000,00040000
Cpus_allowed_list:	18,54
Mems_allowed:	00000000,00000000,00000000,00000000,00000000,00000000,00000000,00000000,00000000,00000000,00000000,00000000,00000000,00000000,00000000,00000000,00000000,00000000,00000000,00000000,00000000,00000000,00000000,00000000,00000000,00000000,00000000,00000000,00000000,00000000,00000000,00000003
Mems_allowed_list:	0-1
voluntary_ctxt_switches:	17512
nonvoluntary_ctxt_switches:	410


END(Contents of /proc/70512/status)

Memory in use : 52 MB in 188 allocs, 52 MB reserved ( 4 unused)


END Log Info
==============================================
