
KINSOL starting step for time 1.000000
scsteptol used:        1e-30 
fnormtol  used:        1e-06 
KINSolInit nni=    0  fnorm=       0.001862602613148854  nfe=     1 
KINSol nni=    1 fnorm=      3.086361053381931e-09 nfe=     4
KINSol return value 1
---KINSOL_SUCCESS

-------------------------------------------------- 
                    Iteration             Total
Nonlin. Its.:               1                 1
Lin. Its.:                  1                 1
Func. Evals.:               4                 4
PC Evals.:                  1                 1
PC Solves:                  2                 2
Lin. Conv. Fails:           0                 0
Beta Cond. Fails:           0                 0
Backtracks:                 0                 0
-------------------------------------------------- 

KINSOL starting step for time 2.000000
scsteptol used:        1e-30 
fnormtol  used:        1e-06 
KINSolInit nni=    0  fnorm=       0.001862600028788958  nfe=     1 
KINSol nni=    1 fnorm=      3.084635720052862e-09 nfe=     4
KINSol return value 1
---KINSOL_SUCCESS

-------------------------------------------------- 
                    Iteration             Total
Nonlin. Its.:               1                 2
Lin. Its.:                  1                 2
Func. Evals.:               4                 8
PC Evals.:                  1                 2
PC Solves:                  2                 4
Lin. Conv. Fails:           0                 0
Beta Cond. Fails:           0                 0
Backtracks:                 0                 0
-------------------------------------------------- 

KINSOL starting step for time 3.000000
scsteptol used:        1e-30 
fnormtol  used:        1e-06 
KINSolInit nni=    0  fnorm=       0.001862597444443524  nfe=     1 
KINSol nni=    1 fnorm=        3.0846142796738e-09 nfe=     4
KINSol return value 1
---KINSOL_SUCCESS

-------------------------------------------------- 
                    Iteration             Total
Nonlin. Its.:               1                 3
Lin. Its.:                  1                 3
Func. Evals.:               4                12
PC Evals.:                  1                 3
PC Solves:                  2                 6
Lin. Conv. Fails:           0                 0
Beta Cond. Fails:           0                 0
Backtracks:                 0                 0
-------------------------------------------------- 

KINSOL starting step for time 4.000000
scsteptol used:        1e-30 
fnormtol  used:        1e-06 
KINSolInit nni=    0  fnorm=       0.001862594860112583  nfe=     1 
KINSol nni=    1 fnorm=      3.084596953852864e-09 nfe=     4
KINSol return value 1
---KINSOL_SUCCESS

-------------------------------------------------- 
                    Iteration             Total
Nonlin. Its.:               1                 4
Lin. Its.:                  1                 4
Func. Evals.:               4                16
PC Evals.:                  1                 4
PC Solves:                  2                 8
Lin. Conv. Fails:           0                 0
Beta Cond. Fails:           0                 0
Backtracks:                 0                 0
-------------------------------------------------- 

KINSOL starting step for time 5.000000
scsteptol used:        1e-30 
fnormtol  used:        1e-06 
KINSolInit nni=    0  fnorm=       0.001862592275796133  nfe=     1 
KINSol nni=    1 fnorm=      3.084606161138876e-09 nfe=     4
KINSol return value 1
---KINSOL_SUCCESS

-------------------------------------------------- 
                    Iteration             Total
Nonlin. Its.:               1                 5
Lin. Its.:                  1                 5
Func. Evals.:               4                20
PC Evals.:                  1                 5
PC Solves:                  2                10
Lin. Conv. Fails:           0                 0
Beta Cond. Fails:           0                 0
Backtracks:                 0                 0
-------------------------------------------------- 

KINSOL starting step for time 6.000000
scsteptol used:        1e-30 
fnormtol  used:        1e-06 
KINSolInit nni=    0  fnorm=       0.001862589691494176  nfe=     1 
KINSol nni=    1 fnorm=      3.084599793997113e-09 nfe=     4
KINSol return value 1
---KINSOL_SUCCESS

-------------------------------------------------- 
                    Iteration             Total
Nonlin. Its.:               1                 6
Lin. Its.:                  1                 6
Func. Evals.:               4                24
PC Evals.:                  1                 6
PC Solves:                  2                12
Lin. Conv. Fails:           0                 0
Beta Cond. Fails:           0                 0
Backtracks:                 0                 0
-------------------------------------------------- 

KINSOL starting step for time 7.000000
scsteptol used:        1e-30 
fnormtol  used:        1e-06 
KINSolInit nni=    0  fnorm=       0.001862587107206712  nfe=     1 
KINSol nni=    1 fnorm=      3.084581797907539e-09 nfe=     4
KINSol return value 1
---KINSOL_SUCCESS

-------------------------------------------------- 
                    Iteration             Total
Nonlin. Its.:               1                 7
Lin. Its.:                  1                 7
Func. Evals.:               4                28
PC Evals.:                  1                 7
PC Solves:                  2                14
Lin. Conv. Fails:           0                 0
Beta Cond. Fails:           0                 0
Backtracks:                 0                 0
-------------------------------------------------- 

KINSOL starting step for time 8.000000
scsteptol used:        1e-30 
fnormtol  used:        1e-06 
KINSolInit nni=    0  fnorm=       0.001862584522933739  nfe=     1 
KINSol nni=    1 fnorm=      3.084554183912785e-09 nfe=     4
KINSol return value 1
---KINSOL_SUCCESS

-------------------------------------------------- 
                    Iteration             Total
Nonlin. Its.:               1                 8
Lin. Its.:                  1                 8
Func. Evals.:               4                32
PC Evals.:                  1                 8
PC Solves:                  2                16
Lin. Conv. Fails:           0                 0
Beta Cond. Fails:           0                 0
Backtracks:                 0                 0
-------------------------------------------------- 

KINSOL starting step for time 9.000000
scsteptol used:        1e-30 
fnormtol  used:        1e-06 
KINSolInit nni=    0  fnorm=       0.001862581938675258  nfe=     1 
KINSol nni=    1 fnorm=      3.084562054760938e-09 nfe=     4
KINSol return value 1
---KINSOL_SUCCESS

-------------------------------------------------- 
                    Iteration             Total
Nonlin. Its.:               1                 9
Lin. Its.:                  1                 9
Func. Evals.:               4                36
PC Evals.:                  1                 9
PC Solves:                  2                18
Lin. Conv. Fails:           0                 0
Beta Cond. Fails:           0                 0
Backtracks:                 0                 0
-------------------------------------------------- 

KINSOL starting step for time 10.000000
scsteptol used:        1e-30 
fnormtol  used:        1e-06 
KINSolInit nni=    0  fnorm=       0.001862579354431269  nfe=     1 
KINSol nni=    1 fnorm=       3.08453138261056e-09 nfe=     4
KINSol return value 1
---KINSOL_SUCCESS

-------------------------------------------------- 
                    Iteration             Total
Nonlin. Its.:               1                10
Lin. Its.:                  1                10
Func. Evals.:               4                40
PC Evals.:                  1                10
PC Solves:                  2                20
Lin. Conv. Fails:           0                 0
Beta Cond. Fails:           0                 0
Backtracks:                 0                 0
-------------------------------------------------- 

KINSOL starting step for time 11.000000
scsteptol used:        1e-30 
fnormtol  used:        1e-06 
KINSolInit nni=    0  fnorm=        0.00186257677020177  nfe=     1 
KINSol nni=    1 fnorm=       3.08451626360588e-09 nfe=     4
KINSol return value 1
---KINSOL_SUCCESS

-------------------------------------------------- 
                    Iteration             Total
Nonlin. Its.:               1                11
Lin. Its.:                  1                11
Func. Evals.:               4                44
PC Evals.:                  1                11
PC Solves:                  2                22
Lin. Conv. Fails:           0                 0
Beta Cond. Fails:           0                 0
Backtracks:                 0                 0
-------------------------------------------------- 

KINSOL starting step for time 12.000000
scsteptol used:        1e-30 
fnormtol  used:        1e-06 
KINSolInit nni=    0  fnorm=       0.001862574185986763  nfe=     1 
KINSol nni=    1 fnorm=      3.084490161758677e-09 nfe=     4
KINSol return value 1
---KINSOL_SUCCESS

-------------------------------------------------- 
                    Iteration             Total
Nonlin. Its.:               1                12
Lin. Its.:                  1                12
Func. Evals.:               4                48
PC Evals.:                  1                12
PC Solves:                  2                24
Lin. Conv. Fails:           0                 0
Beta Cond. Fails:           0                 0
Backtracks:                 0                 0
-------------------------------------------------- 

KINSOL starting step for time 13.000000
scsteptol used:        1e-30 
fnormtol  used:        1e-06 
KINSolInit nni=    0  fnorm=       0.001862571601786247  nfe=     1 
KINSol nni=    1 fnorm=      3.084495535588297e-09 nfe=     4
KINSol return value 1
---KINSOL_SUCCESS

-------------------------------------------------- 
                    Iteration             Total
Nonlin. Its.:               1                13
Lin. Its.:                  1                13
Func. Evals.:               4                52
PC Evals.:                  1                13
PC Solves:                  2                26
Lin. Conv. Fails:           0                 0
Beta Cond. Fails:           0                 0
Backtracks:                 0                 0
-------------------------------------------------- 

KINSOL starting step for time 14.000000
scsteptol used:        1e-30 
fnormtol  used:        1e-06 
KINSolInit nni=    0  fnorm=       0.001862569017600222  nfe=     1 
KINSol nni=    1 fnorm=      3.084486432207265e-09 nfe=     4
KINSol return value 1
---KINSOL_SUCCESS

-------------------------------------------------- 
                    Iteration             Total
Nonlin. Its.:               1                14
Lin. Its.:                  1                14
Func. Evals.:               4                56
PC Evals.:                  1                14
PC Solves:                  2                28
Lin. Conv. Fails:           0                 0
Beta Cond. Fails:           0                 0
Backtracks:                 0                 0
-------------------------------------------------- 

KINSOL starting step for time 15.000000
scsteptol used:        1e-30 
fnormtol  used:        1e-06 
KINSolInit nni=    0  fnorm=       0.001862566433428689  nfe=     1 
KINSol nni=    1 fnorm=      3.084497803371237e-09 nfe=     4
KINSol return value 1
---KINSOL_SUCCESS

-------------------------------------------------- 
                    Iteration             Total
Nonlin. Its.:               1                15
Lin. Its.:                  1                15
Func. Evals.:               4                60
PC Evals.:                  1                15
PC Solves:                  2                30
Lin. Conv. Fails:           0                 0
Beta Cond. Fails:           0                 0
Backtracks:                 0                 0
-------------------------------------------------- 

KINSOL starting step for time 16.000000
scsteptol used:        1e-30 
fnormtol  used:        1e-06 
KINSolInit nni=    0  fnorm=       0.001862563849271647  nfe=     1 
KINSol nni=    1 fnorm=      3.084454151045518e-09 nfe=     4
KINSol return value 1
---KINSOL_SUCCESS

-------------------------------------------------- 
                    Iteration             Total
Nonlin. Its.:               1                16
Lin. Its.:                  1                16
Func. Evals.:               4                64
PC Evals.:                  1                16
PC Solves:                  2                32
Lin. Conv. Fails:           0                 0
Beta Cond. Fails:           0                 0
Backtracks:                 0                 0
-------------------------------------------------- 

KINSOL starting step for time 17.000000
scsteptol used:        1e-30 
fnormtol  used:        1e-06 
KINSolInit nni=    0  fnorm=       0.001862561265129094  nfe=     1 
KINSol nni=    1 fnorm=      3.084437928167897e-09 nfe=     4
KINSol return value 1
---KINSOL_SUCCESS

-------------------------------------------------- 
                    Iteration             Total
Nonlin. Its.:               1                17
Lin. Its.:                  1                17
Func. Evals.:               4                68
PC Evals.:                  1                17
PC Solves:                  2                34
Lin. Conv. Fails:           0                 0
Beta Cond. Fails:           0                 0
Backtracks:                 0                 0
-------------------------------------------------- 

KINSOL starting step for time 18.000000
scsteptol used:        1e-30 
fnormtol  used:        1e-06 
KINSolInit nni=    0  fnorm=       0.001862558681001032  nfe=     1 
KINSol nni=    1 fnorm=      3.084423104432104e-09 nfe=     4
KINSol return value 1
---KINSOL_SUCCESS

-------------------------------------------------- 
                    Iteration             Total
Nonlin. Its.:               1                18
Lin. Its.:                  1                18
Func. Evals.:               4                72
PC Evals.:                  1                18
PC Solves:                  2                36
Lin. Conv. Fails:           0                 0
Beta Cond. Fails:           0                 0
Backtracks:                 0                 0
-------------------------------------------------- 

KINSOL starting step for time 19.000000
scsteptol used:        1e-30 
fnormtol  used:        1e-06 
KINSolInit nni=    0  fnorm=       0.001862556096887461  nfe=     1 
KINSol nni=    1 fnorm=      3.084415510194201e-09 nfe=     4
KINSol return value 1
---KINSOL_SUCCESS

-------------------------------------------------- 
                    Iteration             Total
Nonlin. Its.:               1                19
Lin. Its.:                  1                19
Func. Evals.:               4                76
PC Evals.:                  1                19
PC Solves:                  2                38
Lin. Conv. Fails:           0                 0
Beta Cond. Fails:           0                 0
Backtracks:                 0                 0
-------------------------------------------------- 

KINSOL starting step for time 20.000000
scsteptol used:        1e-30 
fnormtol  used:        1e-06 
KINSolInit nni=    0  fnorm=       0.001862553512788379  nfe=     1 
KINSol nni=    1 fnorm=      3.084404515674397e-09 nfe=     4
KINSol return value 1
---KINSOL_SUCCESS

-------------------------------------------------- 
                    Iteration             Total
Nonlin. Its.:               1                20
Lin. Its.:                  1                20
Func. Evals.:               4                80
PC Evals.:                  1                20
PC Solves:                  2                40
Lin. Conv. Fails:           0                 0
Beta Cond. Fails:           0                 0
Backtracks:                 0                 0
-------------------------------------------------- 

KINSOL starting step for time 21.000000
scsteptol used:        1e-30 
fnormtol  used:        1e-06 
KINSolInit nni=    0  fnorm=       0.001862550928703788  nfe=     1 
KINSol nni=    1 fnorm=      3.084391354747159e-09 nfe=     4
KINSol return value 1
---KINSOL_SUCCESS

-------------------------------------------------- 
                    Iteration             Total
Nonlin. Its.:               1                21
Lin. Its.:                  1                21
Func. Evals.:               4                84
PC Evals.:                  1                21
PC Solves:                  2                42
Lin. Conv. Fails:           0                 0
Beta Cond. Fails:           0                 0
Backtracks:                 0                 0
-------------------------------------------------- 

KINSOL starting step for time 22.000000
scsteptol used:        1e-30 
fnormtol  used:        1e-06 
KINSolInit nni=    0  fnorm=       0.001862548344633687  nfe=     1 
KINSol nni=    1 fnorm=      3.084357409308918e-09 nfe=     4
KINSol return value 1
---KINSOL_SUCCESS

-------------------------------------------------- 
                    Iteration             Total
Nonlin. Its.:               1                22
Lin. Its.:                  1                22
Func. Evals.:               4                88
PC Evals.:                  1                22
PC Solves:                  2                44
Lin. Conv. Fails:           0                 0
Beta Cond. Fails:           0                 0
Backtracks:                 0                 0
-------------------------------------------------- 

KINSOL starting step for time 23.000000
scsteptol used:        1e-30 
fnormtol  used:        1e-06 
KINSolInit nni=    0  fnorm=       0.001862545760578075  nfe=     1 
KINSol nni=    1 fnorm=      3.084372005411883e-09 nfe=     4
KINSol return value 1
---KINSOL_SUCCESS

-------------------------------------------------- 
                    Iteration             Total
Nonlin. Its.:               1                23
Lin. Its.:                  1                23
Func. Evals.:               4                92
PC Evals.:                  1                23
PC Solves:                  2                46
Lin. Conv. Fails:           0                 0
Beta Cond. Fails:           0                 0
Backtracks:                 0                 0
-------------------------------------------------- 

KINSOL starting step for time 24.000000
scsteptol used:        1e-30 
fnormtol  used:        1e-06 
KINSolInit nni=    0  fnorm=       0.001862543176536953  nfe=     1 
KINSol nni=    1 fnorm=      3.084375530622454e-09 nfe=     4
KINSol return value 1
---KINSOL_SUCCESS

-------------------------------------------------- 
                    Iteration             Total
Nonlin. Its.:               1                24
Lin. Its.:                  1                24
Func. Evals.:               4                96
PC Evals.:                  1                24
PC Solves:                  2                48
Lin. Conv. Fails:           0                 0
Beta Cond. Fails:           0                 0
Backtracks:                 0                 0
-------------------------------------------------- 

KINSOL starting step for time 25.000000
scsteptol used:        1e-30 
fnormtol  used:        1e-06 
KINSolInit nni=    0  fnorm=       0.001862540592510321  nfe=     1 
KINSol nni=    1 fnorm=      3.084333324367143e-09 nfe=     4
KINSol return value 1
---KINSOL_SUCCESS

-------------------------------------------------- 
                    Iteration             Total
Nonlin. Its.:               1                25
Lin. Its.:                  1                25
Func. Evals.:               4               100
PC Evals.:                  1                25
PC Solves:                  2                50
Lin. Conv. Fails:           0                 0
Beta Cond. Fails:           0                 0
Backtracks:                 0                 0
-------------------------------------------------- 

KINSOL starting step for time 26.000000
scsteptol used:        1e-30 
fnormtol  used:        1e-06 
KINSolInit nni=    0  fnorm=       0.001862538008498178  nfe=     1 
KINSol nni=    1 fnorm=      3.084328931554095e-09 nfe=     4
KINSol return value 1
---KINSOL_SUCCESS

-------------------------------------------------- 
                    Iteration             Total
Nonlin. Its.:               1                26
Lin. Its.:                  1                26
Func. Evals.:               4               104
PC Evals.:                  1                26
PC Solves:                  2                52
Lin. Conv. Fails:           0                 0
Beta Cond. Fails:           0                 0
Backtracks:                 0                 0
-------------------------------------------------- 

KINSOL starting step for time 27.000000
scsteptol used:        1e-30 
fnormtol  used:        1e-06 
KINSolInit nni=    0  fnorm=       0.001862535424500524  nfe=     1 
KINSol nni=    1 fnorm=      3.084296344103215e-09 nfe=     4
KINSol return value 1
---KINSOL_SUCCESS

-------------------------------------------------- 
                    Iteration             Total
Nonlin. Its.:               1                27
Lin. Its.:                  1                27
Func. Evals.:               4               108
PC Evals.:                  1                27
PC Solves:                  2                54
Lin. Conv. Fails:           0                 0
Beta Cond. Fails:           0                 0
Backtracks:                 0                 0
-------------------------------------------------- 

KINSOL starting step for time 28.000000
scsteptol used:        1e-30 
fnormtol  used:        1e-06 
KINSolInit nni=    0  fnorm=       0.001862532840517359  nfe=     1 
KINSol nni=    1 fnorm=      3.084309293591059e-09 nfe=     4
KINSol return value 1
---KINSOL_SUCCESS

-------------------------------------------------- 
                    Iteration             Total
Nonlin. Its.:               1                28
Lin. Its.:                  1                28
Func. Evals.:               4               112
PC Evals.:                  1                28
PC Solves:                  2                56
Lin. Conv. Fails:           0                 0
Beta Cond. Fails:           0                 0
Backtracks:                 0                 0
-------------------------------------------------- 

KINSOL starting step for time 29.000000
scsteptol used:        1e-30 
fnormtol  used:        1e-06 
KINSolInit nni=    0  fnorm=       0.001862530256548683  nfe=     1 
KINSol nni=    1 fnorm=      3.084303871267459e-09 nfe=     4
KINSol return value 1
---KINSOL_SUCCESS

-------------------------------------------------- 
                    Iteration             Total
Nonlin. Its.:               1                29
Lin. Its.:                  1                29
Func. Evals.:               4               116
PC Evals.:                  1                29
PC Solves:                  2                58
Lin. Conv. Fails:           0                 0
Beta Cond. Fails:           0                 0
Backtracks:                 0                 0
-------------------------------------------------- 

KINSOL starting step for time 30.000000
scsteptol used:        1e-30 
fnormtol  used:        1e-06 
KINSolInit nni=    0  fnorm=       0.001862527672594497  nfe=     1 
KINSol nni=    1 fnorm=      3.084274829237533e-09 nfe=     4
KINSol return value 1
---KINSOL_SUCCESS

-------------------------------------------------- 
                    Iteration             Total
Nonlin. Its.:               1                30
Lin. Its.:                  1                30
Func. Evals.:               4               120
PC Evals.:                  1                30
PC Solves:                  2                60
Lin. Conv. Fails:           0                 0
Beta Cond. Fails:           0                 0
Backtracks:                 0                 0
-------------------------------------------------- 

KINSOL starting step for time 31.000000
scsteptol used:        1e-30 
fnormtol  used:        1e-06 
KINSolInit nni=    0  fnorm=       0.001862525088654798  nfe=     1 
KINSol nni=    1 fnorm=      3.084260818538039e-09 nfe=     4
KINSol return value 1
---KINSOL_SUCCESS

-------------------------------------------------- 
                    Iteration             Total
Nonlin. Its.:               1                31
Lin. Its.:                  1                31
Func. Evals.:               4               124
PC Evals.:                  1                31
PC Solves:                  2                62
Lin. Conv. Fails:           0                 0
Beta Cond. Fails:           0                 0
Backtracks:                 0                 0
-------------------------------------------------- 

KINSOL starting step for time 32.000000
scsteptol used:        1e-30 
fnormtol  used:        1e-06 
KINSolInit nni=    0  fnorm=       0.001862522504729589  nfe=     1 
KINSol nni=    1 fnorm=      3.084254657887354e-09 nfe=     4
KINSol return value 1
---KINSOL_SUCCESS

-------------------------------------------------- 
                    Iteration             Total
Nonlin. Its.:               1                32
Lin. Its.:                  1                32
Func. Evals.:               4               128
PC Evals.:                  1                32
PC Solves:                  2                64
Lin. Conv. Fails:           0                 0
Beta Cond. Fails:           0                 0
Backtracks:                 0                 0
-------------------------------------------------- 

KINSOL starting step for time 33.000000
scsteptol used:        1e-30 
fnormtol  used:        1e-06 
KINSolInit nni=    0  fnorm=       0.001862519920818868  nfe=     1 
KINSol nni=    1 fnorm=      3.084225335165715e-09 nfe=     4
KINSol return value 1
---KINSOL_SUCCESS

-------------------------------------------------- 
                    Iteration             Total
Nonlin. Its.:               1                33
Lin. Its.:                  1                33
Func. Evals.:               4               132
PC Evals.:                  1                33
PC Solves:                  2                66
Lin. Conv. Fails:           0                 0
Beta Cond. Fails:           0                 0
Backtracks:                 0                 0
-------------------------------------------------- 

KINSOL starting step for time 34.000000
scsteptol used:        1e-30 
fnormtol  used:        1e-06 
KINSolInit nni=    0  fnorm=       0.001862517336922634  nfe=     1 
KINSol nni=    1 fnorm=      3.084231093991327e-09 nfe=     4
KINSol return value 1
---KINSOL_SUCCESS

-------------------------------------------------- 
                    Iteration             Total
Nonlin. Its.:               1                34
Lin. Its.:                  1                34
Func. Evals.:               4               136
PC Evals.:                  1                34
PC Solves:                  2                68
Lin. Conv. Fails:           0                 0
Beta Cond. Fails:           0                 0
Backtracks:                 0                 0
-------------------------------------------------- 

KINSOL starting step for time 35.000000
scsteptol used:        1e-30 
fnormtol  used:        1e-06 
KINSolInit nni=    0  fnorm=       0.001862514753040889  nfe=     1 
KINSol nni=    1 fnorm=      3.084212223305947e-09 nfe=     4
KINSol return value 1
---KINSOL_SUCCESS

-------------------------------------------------- 
                    Iteration             Total
Nonlin. Its.:               1                35
Lin. Its.:                  1                35
Func. Evals.:               4               140
PC Evals.:                  1                35
PC Solves:                  2                70
Lin. Conv. Fails:           0                 0
Beta Cond. Fails:           0                 0
Backtracks:                 0                 0
-------------------------------------------------- 

KINSOL starting step for time 36.000000
scsteptol used:        1e-30 
fnormtol  used:        1e-06 
KINSolInit nni=    0  fnorm=       0.001862512169173632  nfe=     1 
KINSol nni=    1 fnorm=      3.084189621871555e-09 nfe=     4
KINSol return value 1
---KINSOL_SUCCESS

-------------------------------------------------- 
                    Iteration             Total
Nonlin. Its.:               1                36
Lin. Its.:                  1                36
Func. Evals.:               4               144
PC Evals.:                  1                36
PC Solves:                  2                72
Lin. Conv. Fails:           0                 0
Beta Cond. Fails:           0                 0
Backtracks:                 0                 0
-------------------------------------------------- 

KINSOL starting step for time 37.000000
scsteptol used:        1e-30 
fnormtol  used:        1e-06 
KINSolInit nni=    0  fnorm=       0.001862509585320863  nfe=     1 
KINSol nni=    1 fnorm=      3.084196991743479e-09 nfe=     4
KINSol return value 1
---KINSOL_SUCCESS

-------------------------------------------------- 
                    Iteration             Total
Nonlin. Its.:               1                37
Lin. Its.:                  1                37
Func. Evals.:               4               148
PC Evals.:                  1                37
PC Solves:                  2                74
Lin. Conv. Fails:           0                 0
Beta Cond. Fails:           0                 0
Backtracks:                 0                 0
-------------------------------------------------- 

KINSOL starting step for time 38.000000
scsteptol used:        1e-30 
fnormtol  used:        1e-06 
KINSolInit nni=    0  fnorm=       0.001862507001482582  nfe=     1 
KINSol nni=    1 fnorm=      3.084171725158612e-09 nfe=     4
KINSol return value 1
---KINSOL_SUCCESS

-------------------------------------------------- 
                    Iteration             Total
Nonlin. Its.:               1                38
Lin. Its.:                  1                38
Func. Evals.:               4               152
PC Evals.:                  1                38
PC Solves:                  2                76
Lin. Conv. Fails:           0                 0
Beta Cond. Fails:           0                 0
Backtracks:                 0                 0
-------------------------------------------------- 

KINSOL starting step for time 39.000000
scsteptol used:        1e-30 
fnormtol  used:        1e-06 
KINSolInit nni=    0  fnorm=       0.001862504417658788  nfe=     1 
KINSol nni=    1 fnorm=      3.084147634294598e-09 nfe=     4
KINSol return value 1
---KINSOL_SUCCESS

-------------------------------------------------- 
                    Iteration             Total
Nonlin. Its.:               1                39
Lin. Its.:                  1                39
Func. Evals.:               4               156
PC Evals.:                  1                39
PC Solves:                  2                78
Lin. Conv. Fails:           0                 0
Beta Cond. Fails:           0                 0
Backtracks:                 0                 0
-------------------------------------------------- 

KINSOL starting step for time 40.000000
scsteptol used:        1e-30 
fnormtol  used:        1e-06 
KINSolInit nni=    0  fnorm=       0.001862501833849481  nfe=     1 
KINSol nni=    1 fnorm=      3.084140564298158e-09 nfe=     4
KINSol return value 1
---KINSOL_SUCCESS

-------------------------------------------------- 
                    Iteration             Total
Nonlin. Its.:               1                40
Lin. Its.:                  1                40
Func. Evals.:               4               160
PC Evals.:                  1                40
PC Solves:                  2                80
Lin. Conv. Fails:           0                 0
Beta Cond. Fails:           0                 0
Backtracks:                 0                 0
-------------------------------------------------- 

KINSOL starting step for time 41.000000
scsteptol used:        1e-30 
fnormtol  used:        1e-06 
KINSolInit nni=    0  fnorm=       0.001862499250054662  nfe=     1 
KINSol nni=    1 fnorm=      3.084152445002778e-09 nfe=     4
KINSol return value 1
---KINSOL_SUCCESS

-------------------------------------------------- 
                    Iteration             Total
Nonlin. Its.:               1                41
Lin. Its.:                  1                41
Func. Evals.:               4               164
PC Evals.:                  1                41
PC Solves:                  2                82
Lin. Conv. Fails:           0                 0
Beta Cond. Fails:           0                 0
Backtracks:                 0                 0
-------------------------------------------------- 

KINSOL starting step for time 42.000000
scsteptol used:        1e-30 
fnormtol  used:        1e-06 
KINSolInit nni=    0  fnorm=        0.00186249666627433  nfe=     1 
KINSol nni=    1 fnorm=      3.084119940223873e-09 nfe=     4
KINSol return value 1
---KINSOL_SUCCESS

-------------------------------------------------- 
                    Iteration             Total
Nonlin. Its.:               1                42
Lin. Its.:                  1                42
Func. Evals.:               4               168
PC Evals.:                  1                42
PC Solves:                  2                84
Lin. Conv. Fails:           0                 0
Beta Cond. Fails:           0                 0
Backtracks:                 0                 0
-------------------------------------------------- 

KINSOL starting step for time 43.000000
scsteptol used:        1e-30 
fnormtol  used:        1e-06 
KINSolInit nni=    0  fnorm=       0.001862494082508485  nfe=     1 
KINSol nni=    1 fnorm=      3.084108297770592e-09 nfe=     4
KINSol return value 1
---KINSOL_SUCCESS

-------------------------------------------------- 
                    Iteration             Total
Nonlin. Its.:               1                43
Lin. Its.:                  1                43
Func. Evals.:               4               172
PC Evals.:                  1                43
PC Solves:                  2                86
Lin. Conv. Fails:           0                 0
Beta Cond. Fails:           0                 0
Backtracks:                 0                 0
-------------------------------------------------- 

KINSOL starting step for time 44.000000
scsteptol used:        1e-30 
fnormtol  used:        1e-06 
KINSolInit nni=    0  fnorm=       0.001862491498757127  nfe=     1 
KINSol nni=    1 fnorm=      3.084094877695986e-09 nfe=     4
KINSol return value 1
---KINSOL_SUCCESS

-------------------------------------------------- 
                    Iteration             Total
Nonlin. Its.:               1                44
Lin. Its.:                  1                44
Func. Evals.:               4               176
PC Evals.:                  1                44
PC Solves:                  2                88
Lin. Conv. Fails:           0                 0
Beta Cond. Fails:           0                 0
Backtracks:                 0                 0
-------------------------------------------------- 

KINSOL starting step for time 45.000000
scsteptol used:        1e-30 
fnormtol  used:        1e-06 
KINSolInit nni=    0  fnorm=       0.001862488915020256  nfe=     1 
KINSol nni=    1 fnorm=      3.084087264996711e-09 nfe=     4
KINSol return value 1
---KINSOL_SUCCESS

-------------------------------------------------- 
                    Iteration             Total
Nonlin. Its.:               1                45
Lin. Its.:                  1                45
Func. Evals.:               4               180
PC Evals.:                  1                45
PC Solves:                  2                90
Lin. Conv. Fails:           0                 0
Beta Cond. Fails:           0                 0
Backtracks:                 0                 0
-------------------------------------------------- 

KINSOL starting step for time 46.000000
scsteptol used:        1e-30 
fnormtol  used:        1e-06 
KINSolInit nni=    0  fnorm=       0.001862486331297871  nfe=     1 
KINSol nni=    1 fnorm=      3.084082546959535e-09 nfe=     4
KINSol return value 1
---KINSOL_SUCCESS

-------------------------------------------------- 
                    Iteration             Total
Nonlin. Its.:               1                46
Lin. Its.:                  1                46
Func. Evals.:               4               184
PC Evals.:                  1                46
PC Solves:                  2                92
Lin. Conv. Fails:           0                 0
Beta Cond. Fails:           0                 0
Backtracks:                 0                 0
-------------------------------------------------- 

KINSOL starting step for time 47.000000
scsteptol used:        1e-30 
fnormtol  used:        1e-06 
KINSolInit nni=    0  fnorm=       0.001862483747589973  nfe=     1 
KINSol nni=    1 fnorm=      3.084055776367266e-09 nfe=     4
KINSol return value 1
---KINSOL_SUCCESS

-------------------------------------------------- 
                    Iteration             Total
Nonlin. Its.:               1                47
Lin. Its.:                  1                47
Func. Evals.:               4               188
PC Evals.:                  1                47
PC Solves:                  2                94
Lin. Conv. Fails:           0                 0
Beta Cond. Fails:           0                 0
Backtracks:                 0                 0
-------------------------------------------------- 

KINSOL starting step for time 48.000000
scsteptol used:        1e-30 
fnormtol  used:        1e-06 
KINSolInit nni=    0  fnorm=        0.00186248116389656  nfe=     1 
KINSol nni=    1 fnorm=       3.08402532298482e-09 nfe=     4
KINSol return value 1
---KINSOL_SUCCESS

-------------------------------------------------- 
                    Iteration             Total
Nonlin. Its.:               1                48
Lin. Its.:                  1                48
Func. Evals.:               4               192
PC Evals.:                  1                48
PC Solves:                  2                96
Lin. Conv. Fails:           0                 0
Beta Cond. Fails:           0                 0
Backtracks:                 0                 0
-------------------------------------------------- 

KINSOL starting step for time 49.000000
scsteptol used:        1e-30 
fnormtol  used:        1e-06 
KINSolInit nni=    0  fnorm=       0.001862478580217634  nfe=     1 
KINSol nni=    1 fnorm=      3.084040222522393e-09 nfe=     4
KINSol return value 1
---KINSOL_SUCCESS

-------------------------------------------------- 
                    Iteration             Total
Nonlin. Its.:               1                49
Lin. Its.:                  1                49
Func. Evals.:               4               196
PC Evals.:                  1                49
PC Solves:                  2                98
Lin. Conv. Fails:           0                 0
Beta Cond. Fails:           0                 0
Backtracks:                 0                 0
-------------------------------------------------- 

KINSOL starting step for time 50.000000
scsteptol used:        1e-30 
fnormtol  used:        1e-06 
KINSolInit nni=    0  fnorm=       0.001862475996553194  nfe=     1 
KINSol nni=    1 fnorm=      3.084008581438817e-09 nfe=     4
KINSol return value 1
---KINSOL_SUCCESS

-------------------------------------------------- 
                    Iteration             Total
Nonlin. Its.:               1                50
Lin. Its.:                  1                50
Func. Evals.:               4               200
PC Evals.:                  1                50
PC Solves:                  2               100
Lin. Conv. Fails:           0                 0
Beta Cond. Fails:           0                 0
Backtracks:                 0                 0
-------------------------------------------------- 
